{
    "level": "INFO",
    "message": "APPLICATION_STARTED",
    "timestamp": "2024-09-29T05:50:41.359Z",
    "meta": {
        "PORT": "3000",
        "SERVER_URL": "http://localhost:3000"
    }
}
{
    "level": "INFO",
    "message": "APPLICATION_STARTED",
    "timestamp": "2024-09-29T06:55:40.652Z",
    "meta": {
        "PORT": "3000",
        "SERVER_URL": "http://localhost:3000"
    }
}
{
    "level": "INFO",
    "message": "APPLICATION_STARTED",
    "timestamp": "2024-09-29T06:57:23.944Z",
    "meta": {
        "PORT": "3000",
        "SERVER_URL": "http://localhost:3000"
    }
}
{
    "level": "INFO",
    "message": "APPLICATION_STARTED",
    "timestamp": "2024-09-29T06:57:41.276Z",
    "meta": {
        "PORT": "3000",
        "SERVER_URL": "http://localhost:3000"
    }
}
{
    "level": "INFO",
    "message": "APPLICATION_STARTED",
    "timestamp": "2024-09-29T07:00:54.145Z",
    "meta": {
        "PORT": "3000",
        "SERVER_URL": "http://localhost:3000"
    }
}
{
    "level": "INFO",
    "message": "APPLICATION_STARTED",
    "timestamp": "2024-09-29T07:49:35.907Z",
    "meta": {
        "PORT": "3000",
        "SERVER_URL": "http://localhost:3000"
    }
}
{
    "level": "INFO",
    "message": "APPLICATION_STARTED",
    "timestamp": "2024-09-29T07:59:30.847Z",
    "meta": {
        "PORT": "3000",
        "SERVER_URL": "http://localhost:3000"
    }
}
{
    "level": "INFO",
    "message": "APPLICATION_STARTED",
    "timestamp": "2024-09-29T08:00:26.145Z",
    "meta": {
        "PORT": "3000",
        "SERVER_URL": "http://localhost:3000"
    }
}
{
    "level": "INFO",
    "message": "APPLICATION_STARTED",
    "timestamp": "2024-09-29T08:32:43.132Z",
    "meta": {
        "PORT": "3000",
        "SERVER_URL": "http://localhost:3000"
    }
}
{
    "level": "INFO",
    "message": "APPLICATION_STARTED",
    "timestamp": "2024-09-29T08:32:58.623Z",
    "meta": {
        "PORT": "3000",
        "SERVER_URL": "http://localhost:3000"
    }
}
{
    "level": "INFO",
    "message": "APPLICATION_STARTED",
    "timestamp": "2024-09-29T08:33:51.313Z",
    "meta": {
        "PORT": "3000",
        "SERVER_URL": "http://localhost:3000"
    }
}
{
    "level": "INFO",
    "message": "APPLICATION_STARTED",
    "timestamp": "2024-09-29T08:38:35.976Z",
    "meta": {
        "PORT": "3000",
        "SERVER_URL": "http://localhost:3000"
    }
}
{
    "level": "INFO",
    "message": "APPLICATION_STARTED",
    "timestamp": "2024-09-29T08:39:56.102Z",
    "meta": {
        "PORT": "3000",
        "SERVER_URL": "http://localhost:3000"
    }
}
{
    "level": "INFO",
    "message": "DATABASE_CONNECTION",
    "timestamp": "2024-09-29T08:52:09.864Z",
    "meta": {
        "CONNECTION_NAME": "node-js-production-setup"
    }
}
{
    "level": "INFO",
    "message": "APPLICATION_STARTED",
    "timestamp": "2024-09-29T08:52:09.869Z",
    "meta": {
        "PORT": "3000",
        "SERVER_URL": "http://localhost:3000"
    }
}
{
    "level": "INFO",
    "message": "DATABASE_CONNECTION",
    "timestamp": "2024-09-29T09:57:43.532Z",
    "meta": {
        "CONNECTION_NAME": "node-js-production-setup"
    }
}
{
    "level": "INFO",
    "message": "APPLICATION_STARTED",
    "timestamp": "2024-09-29T09:57:43.534Z",
    "meta": {
        "PORT": "3000",
        "SERVER_URL": "http://localhost:3000"
    }
}
{
    "level": "INFO",
    "message": "DATABASE_CONNECTION",
    "timestamp": "2024-09-29T10:46:40.131Z",
    "meta": {
        "CONNECTION_NAME": "node-js-production-setup"
    }
}
{
    "level": "INFO",
    "message": "APPLICATION_STARTED",
    "timestamp": "2024-09-29T10:46:40.135Z",
    "meta": {
        "PORT": "3000",
        "SERVER_URL": "http://localhost:3000"
    }
}
{
    "level": "INFO",
    "message": "DATABASE_CONNECTION",
    "timestamp": "2024-09-29T11:46:33.735Z",
    "meta": {
        "CONNECTION_NAME": "node-js-production-setup"
    }
}
{
    "level": "INFO",
    "message": "APPLICATION_STARTED",
    "timestamp": "2024-09-29T11:46:33.738Z",
    "meta": {
        "PORT": "3000",
        "SERVER_URL": "http://localhost:3000"
    }
}
{
    "level": "INFO",
    "message": "DATABASE_CONNECTION",
    "timestamp": "2024-09-29T12:13:05.224Z",
    "meta": {
        "CONNECTION_NAME": "node-js-production-setup"
    }
}
{
    "level": "INFO",
    "message": "APPLICATION_STARTED",
    "timestamp": "2024-09-29T12:13:05.227Z",
    "meta": {
        "PORT": "3000",
        "SERVER_URL": "http://localhost:3000"
    }
}
{
    "level": "INFO",
    "message": "DATABASE_CONNECTION",
    "timestamp": "2024-09-29T12:16:22.201Z",
    "meta": {
        "CONNECTION_NAME": "node-js-production-setup"
    }
}
{
    "level": "INFO",
    "message": "APPLICATION_STARTED",
    "timestamp": "2024-09-29T12:16:22.204Z",
    "meta": {
        "PORT": "3000",
        "SERVER_URL": "http://localhost:3000"
    }
}
{
    "level": "INFO",
    "message": "DATABASE_CONNECTION",
    "timestamp": "2024-09-29T12:16:51.154Z",
    "meta": {
        "CONNECTION_NAME": "node-js-production-setup"
    }
}
{
    "level": "INFO",
    "message": "APPLICATION_STARTED",
    "timestamp": "2024-09-29T12:16:51.161Z",
    "meta": {
        "PORT": "3000",
        "SERVER_URL": "http://localhost:3000"
    }
}
{
    "level": "INFO",
    "message": "DATABASE_CONNECTION",
    "timestamp": "2024-09-29T12:17:10.365Z",
    "meta": {
        "CONNECTION_NAME": "node-js-production-setup"
    }
}
{
    "level": "INFO",
    "message": "APPLICATION_STARTED",
    "timestamp": "2024-09-29T12:17:10.367Z",
    "meta": {
        "PORT": "3000",
        "SERVER_URL": "http://localhost:3000"
    }
}
{
    "level": "INFO",
    "message": "DATABASE_CONNECTION",
    "timestamp": "2024-09-29T12:18:34.166Z",
    "meta": {
        "CONNECTION_NAME": "node-js-production-setup"
    }
}
{
    "level": "INFO",
    "message": "APPLICATION_STARTED",
    "timestamp": "2024-09-29T12:18:34.168Z",
    "meta": {
        "PORT": "3000",
        "SERVER_URL": "http://localhost:3000"
    }
}
{
    "level": "INFO",
    "message": "CONTROLLER_RESPONSE",
    "timestamp": "2024-09-29T12:18:44.321Z",
    "meta": {
        "success": true,
        "statusCode": 200,
        "request": {
            "ip": "::1",
            "method": "GET",
            "url": "/api/v1/health"
        },
        "message": "The operation ha been successful",
        "data": null
    }
}
{
    "level": "INFO",
    "message": "CONTROLLER_RESPONSE",
    "timestamp": "2024-09-29T12:19:45.383Z",
    "meta": {
        "success": true,
        "statusCode": 200,
        "request": {
            "ip": "::1",
            "method": "GET",
            "url": "/api/v1/health"
        },
        "message": "The operation ha been successful",
        "data": null
    }
}
{
    "level": "INFO",
    "message": "DATABASE_CONNECTION",
    "timestamp": "2024-09-29T12:20:16.060Z",
    "meta": {
        "CONNECTION_NAME": "node-js-production-setup"
    }
}
{
    "level": "INFO",
    "message": "APPLICATION_STARTED",
    "timestamp": "2024-09-29T12:20:16.064Z",
    "meta": {
        "PORT": "3000",
        "SERVER_URL": "http://localhost:3000"
    }
}
{
    "level": "INFO",
    "message": "CONTROLLER_RESPONSE",
    "timestamp": "2024-09-29T12:20:18.696Z",
    "meta": {
        "success": true,
        "statusCode": 200,
        "request": {
            "ip": "::1",
            "method": "GET",
            "url": "/api/v1/health"
        },
        "message": "The operation ha been successful",
        "data": {
            "application": {
                "environment": "development",
                "upTime": "5.26 second",
                "memoryUsage": {
                    "heapTotal": "187.27 MB",
                    "heapUsed": "159.69 MB"
                }
            },
            "system": {
                "cpuUsage": [
                    0,
                    0,
                    0
                ],
                "totalMemory": "16075.328125 MB",
                "freeMemory": "5561.2734375 MB"
            },
            "timeStamp": 1727612418696
        }
    }
}
{
    "level": "INFO",
    "message": "CONTROLLER_RESPONSE",
    "timestamp": "2024-09-29T12:21:06.653Z",
    "meta": {
        "success": true,
        "statusCode": 200,
        "request": {
            "ip": "::1",
            "method": "GET",
            "url": "/api/v1/health"
        },
        "message": "The operation ha been successful",
        "data": {
            "application": {
                "environment": "development",
                "upTime": "53.22 second",
                "memoryUsage": {
                    "heapTotal": "159.02 MB",
                    "heapUsed": "153.81 MB"
                }
            },
            "system": {
                "cpuUsage": [
                    0,
                    0,
                    0
                ],
                "totalMemory": "16075.328125 MB",
                "freeMemory": "5856.53125 MB"
            },
            "timeStamp": 1727612466653
        }
    }
}
{
    "level": "INFO",
    "message": "CONTROLLER_RESPONSE",
    "timestamp": "2024-09-29T12:21:48.686Z",
    "meta": {
        "success": true,
        "statusCode": 200,
        "request": {
            "ip": "::1",
            "method": "GET",
            "url": "/api/v1/health"
        },
        "message": "The operation ha been successful",
        "data": {
            "application": {
                "environment": "development",
                "upTime": "95.25 second",
                "memoryUsage": {
                    "heapTotal": "159.02 MB",
                    "heapUsed": "153.89 MB"
                }
            },
            "system": {
                "cpuUsage": [
                    0,
                    0,
                    0
                ],
                "totalMemory": "16075.328125 MB",
                "freeMemory": "5790.37109375 MB"
            },
            "timeStamp": 1727612508686
        }
    }
}
{
    "level": "ERROR",
    "message": "CONTROLLER_ERROR",
    "timestamp": "2024-09-29T12:26:29.763Z",
    "meta": {
        "success": false,
        "statusCode": 404,
        "request": {
            "ip": "::1",
            "method": "GET",
            "url": "/"
        },
        "message": "Route not found",
        "data": null,
        "trace": {
            "error": "Error: Route not found\n    at E:\\WorkSpace\\Node js\\src\\app.ts:20:15\n    at Layer.handle [as handle_request] (E:\\WorkSpace\\Node js\\node_modules\\express\\lib\\router\\layer.js:95:5)\n    at trim_prefix (E:\\WorkSpace\\Node js\\node_modules\\express\\lib\\router\\index.js:328:13)\n    at E:\\WorkSpace\\Node js\\node_modules\\express\\lib\\router\\index.js:286:9\n    at Function.process_params (E:\\WorkSpace\\Node js\\node_modules\\express\\lib\\router\\index.js:346:12)\n    at next (E:\\WorkSpace\\Node js\\node_modules\\express\\lib\\router\\index.js:280:10)\n    at SendStream.error (E:\\WorkSpace\\Node js\\node_modules\\serve-static\\index.js:121:7)\n    at SendStream.emit (node:events:513:28)\n    at SendStream.emit (node:domain:489:12)\n    at SendStream.error (E:\\WorkSpace\\Node js\\node_modules\\send\\index.js:270:17)"
        }
    }
}
{
    "level": "ERROR",
    "message": "CONTROLLER_ERROR",
    "timestamp": "2024-09-29T12:26:36.443Z",
    "meta": {
        "success": false,
        "statusCode": 404,
        "request": {
            "ip": "::1",
            "method": "GET",
            "url": "/"
        },
        "message": "Route not found",
        "data": null,
        "trace": {
            "error": "Error: Route not found\n    at E:\\WorkSpace\\Node js\\src\\app.ts:20:15\n    at Layer.handle [as handle_request] (E:\\WorkSpace\\Node js\\node_modules\\express\\lib\\router\\layer.js:95:5)\n    at trim_prefix (E:\\WorkSpace\\Node js\\node_modules\\express\\lib\\router\\index.js:328:13)\n    at E:\\WorkSpace\\Node js\\node_modules\\express\\lib\\router\\index.js:286:9\n    at Function.process_params (E:\\WorkSpace\\Node js\\node_modules\\express\\lib\\router\\index.js:346:12)\n    at next (E:\\WorkSpace\\Node js\\node_modules\\express\\lib\\router\\index.js:280:10)\n    at SendStream.error (E:\\WorkSpace\\Node js\\node_modules\\serve-static\\index.js:121:7)\n    at SendStream.emit (node:events:513:28)\n    at SendStream.emit (node:domain:489:12)\n    at SendStream.error (E:\\WorkSpace\\Node js\\node_modules\\send\\index.js:270:17)"
        }
    }
}
{
    "level": "INFO",
    "message": "DATABASE_CONNECTION",
    "timestamp": "2024-09-29T12:27:20.721Z",
    "meta": {
        "CONNECTION_NAME": "node-js-production-setup"
    }
}
{
    "level": "INFO",
    "message": "APPLICATION_STARTED",
    "timestamp": "2024-09-29T12:27:20.724Z",
    "meta": {
        "PORT": "3000",
        "SERVER_URL": "http://localhost:3000"
    }
}
{
    "level": "ERROR",
    "message": "CONTROLLER_ERROR",
    "timestamp": "2024-09-29T12:27:25.378Z",
    "meta": {
        "success": false,
        "statusCode": 404,
        "request": {
            "ip": "::1",
            "method": "GET",
            "url": "/"
        },
        "message": "Route not found",
        "data": null,
        "trace": {
            "error": "Error: Route not found\n    at E:\\WorkSpace\\Node js\\src\\app.ts:22:15\n    at Layer.handle [as handle_request] (E:\\WorkSpace\\Node js\\node_modules\\express\\lib\\router\\layer.js:95:5)\n    at trim_prefix (E:\\WorkSpace\\Node js\\node_modules\\express\\lib\\router\\index.js:328:13)\n    at E:\\WorkSpace\\Node js\\node_modules\\express\\lib\\router\\index.js:286:9\n    at Function.process_params (E:\\WorkSpace\\Node js\\node_modules\\express\\lib\\router\\index.js:346:12)\n    at next (E:\\WorkSpace\\Node js\\node_modules\\express\\lib\\router\\index.js:280:10)\n    at SendStream.error (E:\\WorkSpace\\Node js\\node_modules\\serve-static\\index.js:121:7)\n    at SendStream.emit (node:events:513:28)\n    at SendStream.emit (node:domain:489:12)\n    at SendStream.error (E:\\WorkSpace\\Node js\\node_modules\\send\\index.js:270:17)"
        }
    }
}
{
    "level": "ERROR",
    "message": "CONTROLLER_ERROR",
    "timestamp": "2024-09-29T12:27:27.200Z",
    "meta": {
        "success": false,
        "statusCode": 404,
        "request": {
            "ip": "::1",
            "method": "GET",
            "url": "/"
        },
        "message": "Route not found",
        "data": null,
        "trace": {
            "error": "Error: Route not found\n    at E:\\WorkSpace\\Node js\\src\\app.ts:22:15\n    at Layer.handle [as handle_request] (E:\\WorkSpace\\Node js\\node_modules\\express\\lib\\router\\layer.js:95:5)\n    at trim_prefix (E:\\WorkSpace\\Node js\\node_modules\\express\\lib\\router\\index.js:328:13)\n    at E:\\WorkSpace\\Node js\\node_modules\\express\\lib\\router\\index.js:286:9\n    at Function.process_params (E:\\WorkSpace\\Node js\\node_modules\\express\\lib\\router\\index.js:346:12)\n    at next (E:\\WorkSpace\\Node js\\node_modules\\express\\lib\\router\\index.js:280:10)\n    at SendStream.error (E:\\WorkSpace\\Node js\\node_modules\\serve-static\\index.js:121:7)\n    at SendStream.emit (node:events:513:28)\n    at SendStream.emit (node:domain:489:12)\n    at SendStream.error (E:\\WorkSpace\\Node js\\node_modules\\send\\index.js:270:17)"
        }
    }
}
{
    "level": "INFO",
    "message": "DATABASE_CONNECTION",
    "timestamp": "2024-09-29T12:28:00.287Z",
    "meta": {
        "CONNECTION_NAME": "node-js-production-setup"
    }
}
{
    "level": "INFO",
    "message": "APPLICATION_STARTED",
    "timestamp": "2024-09-29T12:28:00.290Z",
    "meta": {
        "PORT": "3000",
        "SERVER_URL": "http://localhost:3000"
    }
}
{
    "level": "INFO",
    "message": "DATABASE_CONNECTION",
    "timestamp": "2024-09-29T12:31:00.517Z",
    "meta": {
        "CONNECTION_NAME": "node-js-production-setup"
    }
}
{
    "level": "INFO",
    "message": "APPLICATION_STARTED",
    "timestamp": "2024-09-29T12:31:00.521Z",
    "meta": {
        "PORT": "3000",
        "SERVER_URL": "http://localhost:3000"
    }
}
{
    "level": "INFO",
    "message": "DATABASE_CONNECTION",
    "timestamp": "2024-09-29T12:31:27.795Z",
    "meta": {
        "CONNECTION_NAME": "node-js-production-setup"
    }
}
{
    "level": "INFO",
    "message": "APPLICATION_STARTED",
    "timestamp": "2024-09-29T12:31:27.797Z",
    "meta": {
        "PORT": "3000",
        "SERVER_URL": "http://localhost:3000"
    }
}
{
    "level": "INFO",
    "message": "DATABASE_CONNECTION",
    "timestamp": "2024-09-29T12:31:34.907Z",
    "meta": {
        "CONNECTION_NAME": "node-js-production-setup"
    }
}
{
    "level": "INFO",
    "message": "APPLICATION_STARTED",
    "timestamp": "2024-09-29T12:31:34.910Z",
    "meta": {
        "PORT": "3000",
        "SERVER_URL": "http://localhost:3000"
    }
}
{
    "level": "INFO",
    "message": "CONTROLLER_RESPONSE",
    "timestamp": "2024-09-29T12:31:37.910Z",
    "meta": {
        "success": true,
        "statusCode": 200,
        "request": {
            "ip": "::1",
            "method": "GET",
            "url": "/api/v1/health"
        },
        "message": "The operation ha been successful",
        "data": {
            "application": {
                "environment": "development",
                "upTime": "5.95 second",
                "memoryUsage": {
                    "heapTotal": "187.52 MB",
                    "heapUsed": "160.24 MB"
                }
            },
            "system": {
                "cpuUsage": [
                    0,
                    0,
                    0
                ],
                "totalMemory": "16075.328125 MB",
                "freeMemory": "5965.63671875 MB"
            },
            "timeStamp": 1727613097910
        }
    }
}
{
    "level": "INFO",
    "message": "DATABASE_CONNECTION",
    "timestamp": "2024-09-29T12:32:48.107Z",
    "meta": {
        "CONNECTION_NAME": "node-js-production-setup"
    }
}
{
    "level": "INFO",
    "message": "APPLICATION_STARTED",
    "timestamp": "2024-09-29T12:32:48.110Z",
    "meta": {
        "PORT": "3000",
        "SERVER_URL": "http://localhost:3000"
    }
}
{
    "level": "INFO",
    "message": "DATABASE_CONNECTION",
    "timestamp": "2024-09-29T12:33:07.981Z",
    "meta": {
        "CONNECTION_NAME": "node-js-production-setup"
    }
}
{
    "level": "INFO",
    "message": "APPLICATION_STARTED",
    "timestamp": "2024-09-29T12:33:07.985Z",
    "meta": {
        "PORT": "3000",
        "SERVER_URL": "http://localhost:3000"
    }
}
{
    "level": "ERROR",
    "message": "CONTROLLER_ERROR",
    "timestamp": "2024-09-29T12:33:15.353Z",
    "meta": {
        "success": false,
        "statusCode": 404,
        "request": {
            "ip": "::1",
            "method": "GET",
            "url": "/"
        },
        "message": "Route not found",
        "data": null,
        "trace": {
            "error": "Error: Route not found\n    at E:\\WorkSpace\\Node js\\src\\app.ts:30:15\n    at Layer.handle [as handle_request] (E:\\WorkSpace\\Node js\\node_modules\\express\\lib\\router\\layer.js:95:5)\n    at trim_prefix (E:\\WorkSpace\\Node js\\node_modules\\express\\lib\\router\\index.js:328:13)\n    at E:\\WorkSpace\\Node js\\node_modules\\express\\lib\\router\\index.js:286:9\n    at Function.process_params (E:\\WorkSpace\\Node js\\node_modules\\express\\lib\\router\\index.js:346:12)\n    at next (E:\\WorkSpace\\Node js\\node_modules\\express\\lib\\router\\index.js:280:10)\n    at SendStream.error (E:\\WorkSpace\\Node js\\node_modules\\serve-static\\index.js:121:7)\n    at SendStream.emit (node:events:513:28)\n    at SendStream.emit (node:domain:489:12)\n    at SendStream.error (E:\\WorkSpace\\Node js\\node_modules\\send\\index.js:270:17)"
        }
    }
}
{
    "level": "INFO",
    "message": "DATABASE_CONNECTION",
    "timestamp": "2024-09-29T12:34:47.355Z",
    "meta": {
        "CONNECTION_NAME": "node-js-production-setup"
    }
}
{
    "level": "INFO",
    "message": "APPLICATION_STARTED",
    "timestamp": "2024-09-29T12:34:47.358Z",
    "meta": {
        "PORT": "3000",
        "SERVER_URL": "http://localhost:3000"
    }
}
{
    "level": "INFO",
    "message": "CONTROLLER_RESPONSE",
    "timestamp": "2024-09-29T12:34:50.042Z",
    "meta": {
        "success": true,
        "statusCode": 200,
        "request": {
            "ip": "::1",
            "method": "GET",
            "url": "/api/v1/health"
        },
        "message": "The operation ha been successful",
        "data": {
            "application": {
                "environment": "development",
                "upTime": "5.41 second",
                "memoryUsage": {
                    "heapTotal": "187.02 MB",
                    "heapUsed": "163.19 MB"
                }
            },
            "system": {
                "cpuUsage": [
                    0,
                    0,
                    0
                ],
                "totalMemory": "16075.328125 MB",
                "freeMemory": "5676.68359375 MB"
            },
            "timeStamp": 1727613290042
        }
    }
}
{
    "level": "ERROR",
    "message": "CONTROLLER_ERROR",
    "timestamp": "2024-09-29T12:35:06.553Z",
    "meta": {
        "success": false,
        "statusCode": 404,
        "request": {
            "ip": "::1",
            "method": "GET",
            "url": "/api/v1/slef"
        },
        "message": "Route not found",
        "data": null,
        "trace": {
            "error": "Error: Route not found\n    at E:\\WorkSpace\\Node js\\src\\app.ts:30:15\n    at Layer.handle [as handle_request] (E:\\WorkSpace\\Node js\\node_modules\\express\\lib\\router\\layer.js:95:5)\n    at trim_prefix (E:\\WorkSpace\\Node js\\node_modules\\express\\lib\\router\\index.js:328:13)\n    at E:\\WorkSpace\\Node js\\node_modules\\express\\lib\\router\\index.js:286:9\n    at Function.process_params (E:\\WorkSpace\\Node js\\node_modules\\express\\lib\\router\\index.js:346:12)\n    at next (E:\\WorkSpace\\Node js\\node_modules\\express\\lib\\router\\index.js:280:10)\n    at E:\\WorkSpace\\Node js\\node_modules\\express\\lib\\router\\index.js:646:15\n    at next (E:\\WorkSpace\\Node js\\node_modules\\express\\lib\\router\\index.js:265:14)\n    at Function.handle (E:\\WorkSpace\\Node js\\node_modules\\express\\lib\\router\\index.js:175:3)\n    at router (E:\\WorkSpace\\Node js\\node_modules\\express\\lib\\router\\index.js:47:12)"
        }
    }
}
{
    "level": "INFO",
    "message": "CONTROLLER_RESPONSE",
    "timestamp": "2024-09-29T12:35:10.117Z",
    "meta": {
        "success": true,
        "statusCode": 200,
        "request": {
            "ip": "::1",
            "method": "GET",
            "url": "/api/v1/self"
        },
        "message": "The operation ha been successful",
        "data": null
    }
}
{
    "level": "INFO",
    "message": "DATABASE_CONNECTION",
    "timestamp": "2024-09-29T12:36:01.384Z",
    "meta": {
        "CONNECTION_NAME": "node-js-production-setup"
    }
}
{
    "level": "INFO",
    "message": "APPLICATION_STARTED",
    "timestamp": "2024-09-29T12:36:01.387Z",
    "meta": {
        "PORT": "3000",
        "SERVER_URL": "http://localhost:3000"
    }
}
{
    "level": "INFO",
    "message": "DATABASE_CONNECTION",
    "timestamp": "2024-09-29T12:36:36.716Z",
    "meta": {
        "CONNECTION_NAME": "node-js-production-setup"
    }
}
{
    "level": "INFO",
    "message": "APPLICATION_STARTED",
    "timestamp": "2024-09-29T12:36:36.718Z",
    "meta": {
        "PORT": "3000",
        "SERVER_URL": "http://localhost:3000"
    }
}
{
    "level": "ERROR",
    "message": "CONTROLLER_ERROR",
    "timestamp": "2024-09-29T12:37:35.485Z",
    "meta": {
        "success": false,
        "statusCode": 404,
        "request": {
            "ip": "::1",
            "method": "GET",
            "url": "/"
        },
        "message": "Route not found",
        "data": null,
        "trace": {
            "error": "Error: Route not found\n    at E:\\WorkSpace\\Node js\\src\\app.ts:30:15\n    at Layer.handle [as handle_request] (E:\\WorkSpace\\Node js\\node_modules\\express\\lib\\router\\layer.js:95:5)\n    at trim_prefix (E:\\WorkSpace\\Node js\\node_modules\\express\\lib\\router\\index.js:328:13)\n    at E:\\WorkSpace\\Node js\\node_modules\\express\\lib\\router\\index.js:286:9\n    at Function.process_params (E:\\WorkSpace\\Node js\\node_modules\\express\\lib\\router\\index.js:346:12)\n    at next (E:\\WorkSpace\\Node js\\node_modules\\express\\lib\\router\\index.js:280:10)\n    at SendStream.error (E:\\WorkSpace\\Node js\\node_modules\\serve-static\\index.js:121:7)\n    at SendStream.emit (node:events:513:28)\n    at SendStream.emit (node:domain:489:12)\n    at SendStream.error (E:\\WorkSpace\\Node js\\node_modules\\send\\index.js:270:17)"
        }
    }
}
{
    "level": "INFO",
    "message": "CONTROLLER_RESPONSE",
    "timestamp": "2024-09-29T12:37:44.031Z",
    "meta": {
        "success": true,
        "statusCode": 200,
        "request": {
            "ip": "::1",
            "method": "GET",
            "url": "/api/v1/self"
        },
        "message": "The operation ha been successful",
        "data": null
    }
}
{
    "level": "INFO",
    "message": "DATABASE_CONNECTION",
    "timestamp": "2024-09-29T12:38:34.698Z",
    "meta": {
        "CONNECTION_NAME": "node-js-production-setup"
    }
}
{
    "level": "INFO",
    "message": "APPLICATION_STARTED",
    "timestamp": "2024-09-29T12:38:34.701Z",
    "meta": {
        "PORT": "3000",
        "SERVER_URL": "http://localhost:3000"
    }
}
{
    "level": "INFO",
    "message": "DATABASE_CONNECTION",
    "timestamp": "2024-09-29T12:38:40.191Z",
    "meta": {
        "CONNECTION_NAME": "node-js-production-setup"
    }
}
{
    "level": "INFO",
    "message": "APPLICATION_STARTED",
    "timestamp": "2024-09-29T12:38:40.194Z",
    "meta": {
        "PORT": "3000",
        "SERVER_URL": "http://localhost:3000"
    }
}
{
    "level": "INFO",
    "message": "CONTROLLER_RESPONSE",
    "timestamp": "2024-09-29T12:38:46.078Z",
    "meta": {
        "success": true,
        "statusCode": 200,
        "request": {
            "ip": "::1",
            "method": "GET",
            "url": "/api/v1/self"
        },
        "message": "The operation ha been successful",
        "data": null
    }
}
{
    "level": "INFO",
    "message": "CONTROLLER_RESPONSE",
    "timestamp": "2024-09-29T12:38:49.033Z",
    "meta": {
        "success": true,
        "statusCode": 200,
        "request": {
            "ip": "::1",
            "method": "GET",
            "url": "/api/v1/self"
        },
        "message": "The operation ha been successful",
        "data": null
    }
}
{
    "level": "INFO",
    "message": "CONTROLLER_RESPONSE",
    "timestamp": "2024-09-29T12:38:57.066Z",
    "meta": {
        "success": true,
        "statusCode": 200,
        "request": {
            "ip": "::1",
            "method": "GET",
            "url": "/api/v1/self"
        },
        "message": "The operation ha been successful",
        "data": null
    }
}
{
    "level": "INFO",
    "message": "DATABASE_CONNECTION",
    "timestamp": "2024-09-29T12:39:26.093Z",
    "meta": {
        "CONNECTION_NAME": "node-js-production-setup"
    }
}
{
    "level": "INFO",
    "message": "APPLICATION_STARTED",
    "timestamp": "2024-09-29T12:39:26.097Z",
    "meta": {
        "PORT": "3000",
        "SERVER_URL": "http://localhost:3000"
    }
}
{
    "level": "INFO",
    "message": "DATABASE_CONNECTION",
    "timestamp": "2024-09-29T12:41:28.083Z",
    "meta": {
        "CONNECTION_NAME": "node-js-production-setup"
    }
}
{
    "level": "INFO",
    "message": "APPLICATION_STARTED",
    "timestamp": "2024-09-29T12:41:28.086Z",
    "meta": {
        "PORT": "3000",
        "SERVER_URL": "http://localhost:3000"
    }
}
{
    "level": "INFO",
    "message": "DATABASE_CONNECTION",
    "timestamp": "2024-09-29T12:42:08.763Z",
    "meta": {
        "CONNECTION_NAME": "node-js-production-setup"
    }
}
{
    "level": "INFO",
    "message": "APPLICATION_STARTED",
    "timestamp": "2024-09-29T12:42:08.767Z",
    "meta": {
        "PORT": "3000",
        "SERVER_URL": "http://localhost:3000"
    }
}
{
    "level": "INFO",
    "message": "DATABASE_CONNECTION",
    "timestamp": "2024-09-29T12:44:55.475Z",
    "meta": {
        "CONNECTION_NAME": "node-js-production-setup"
    }
}
{
    "level": "INFO",
    "message": "APPLICATION_STARTED",
    "timestamp": "2024-09-29T12:44:55.478Z",
    "meta": {
        "PORT": "3000",
        "SERVER_URL": "http://localhost:3000"
    }
}
{
    "level": "INFO",
    "message": "DATABASE_CONNECTION",
    "timestamp": "2024-09-29T12:46:07.927Z",
    "meta": {
        "CONNECTION_NAME": "node-js-production-setup"
    }
}
{
    "level": "INFO",
    "message": "RATE_LIMITER_INITIATED",
    "timestamp": "2024-09-29T12:46:07.933Z",
    "meta": {
        "PORT": "3000",
        "SERVER_URL": "http://localhost:3000"
    }
}
{
    "level": "INFO",
    "message": "APPLICATION_STARTED",
    "timestamp": "2024-09-29T12:46:07.934Z",
    "meta": {
        "PORT": "3000",
        "SERVER_URL": "http://localhost:3000"
    }
}
{
    "level": "INFO",
    "message": "DATABASE_CONNECTION",
    "timestamp": "2024-09-29T12:46:37.395Z",
    "meta": {
        "CONNECTION_NAME": "node-js-production-setup"
    }
}
{
    "level": "INFO",
    "message": "RATE_LIMITER_INITIATED",
    "timestamp": "2024-09-29T12:46:37.400Z",
    "meta": {}
}
{
    "level": "INFO",
    "message": "APPLICATION_STARTED",
    "timestamp": "2024-09-29T12:46:37.401Z",
    "meta": {
        "PORT": "3000",
        "SERVER_URL": "http://localhost:3000"
    }
}
{
    "level": "INFO",
    "message": "DATABASE_CONNECTION",
    "timestamp": "2024-09-29T12:47:36.464Z",
    "meta": {
        "CONNECTION_NAME": "node-js-production-setup"
    }
}
{
    "level": "INFO",
    "message": "RATE_LIMITER_INITIATED",
    "timestamp": "2024-09-29T12:47:36.469Z",
    "meta": {}
}
{
    "level": "INFO",
    "message": "APPLICATION_STARTED",
    "timestamp": "2024-09-29T12:47:36.470Z",
    "meta": {
        "PORT": "3000",
        "SERVER_URL": "http://localhost:3000"
    }
}
{
    "level": "INFO",
    "message": "DATABASE_CONNECTION",
    "timestamp": "2024-09-29T12:50:16.902Z",
    "meta": {
        "CONNECTION_NAME": "node-js-production-setup"
    }
}
{
    "level": "INFO",
    "message": "RATE_LIMITER_INITIATED",
    "timestamp": "2024-09-29T12:50:16.907Z",
    "meta": {}
}
{
    "level": "INFO",
    "message": "APPLICATION_STARTED",
    "timestamp": "2024-09-29T12:50:16.908Z",
    "meta": {
        "PORT": "3000",
        "SERVER_URL": "http://localhost:3000"
    }
}
{
    "level": "INFO",
    "message": "DATABASE_CONNECTION",
    "timestamp": "2024-09-29T12:51:00.144Z",
    "meta": {
        "CONNECTION_NAME": "node-js-production-setup"
    }
}
{
    "level": "INFO",
    "message": "RATE_LIMITER_INITIATED",
    "timestamp": "2024-09-29T12:51:00.149Z",
    "meta": {}
}
{
    "level": "INFO",
    "message": "APPLICATION_STARTED",
    "timestamp": "2024-09-29T12:51:00.149Z",
    "meta": {
        "PORT": "3000",
        "SERVER_URL": "http://localhost:3000"
    }
}
{
    "level": "INFO",
    "message": "DATABASE_CONNECTION",
    "timestamp": "2024-09-29T12:51:32.725Z",
    "meta": {
        "CONNECTION_NAME": "node-js-production-setup"
    }
}
{
    "level": "INFO",
    "message": "RATE_LIMITER_INITIATED",
    "timestamp": "2024-09-29T12:51:32.730Z",
    "meta": {}
}
{
    "level": "INFO",
    "message": "APPLICATION_STARTED",
    "timestamp": "2024-09-29T12:51:32.731Z",
    "meta": {
        "PORT": "3000",
        "SERVER_URL": "http://localhost:3000"
    }
}
{
    "level": "INFO",
    "message": "DATABASE_CONNECTION",
    "timestamp": "2024-09-29T12:52:35.328Z",
    "meta": {
        "CONNECTION_NAME": "node-js-production-setup"
    }
}
{
    "level": "INFO",
    "message": "RATE_LIMITER_INITIATED",
    "timestamp": "2024-09-29T12:52:35.333Z",
    "meta": {}
}
{
    "level": "INFO",
    "message": "APPLICATION_STARTED",
    "timestamp": "2024-09-29T12:52:35.334Z",
    "meta": {
        "PORT": "3000",
        "SERVER_URL": "http://localhost:3000"
    }
}
{
    "level": "INFO",
    "message": "DATABASE_CONNECTION",
    "timestamp": "2024-09-29T12:53:04.986Z",
    "meta": {
        "CONNECTION_NAME": "node-js-production-setup"
    }
}
{
    "level": "INFO",
    "message": "RATE_LIMITER_INITIATED",
    "timestamp": "2024-09-29T12:53:04.991Z",
    "meta": {}
}
{
    "level": "INFO",
    "message": "APPLICATION_STARTED",
    "timestamp": "2024-09-29T12:53:04.991Z",
    "meta": {
        "PORT": "3000",
        "SERVER_URL": "http://localhost:3000"
    }
}
{
    "level": "INFO",
    "message": "CONTROLLER_RESPONSE",
    "timestamp": "2024-09-29T12:53:40.852Z",
    "meta": {
        "success": true,
        "statusCode": 200,
        "request": {
            "ip": "::1",
            "method": "GET",
            "url": "/api/v1/self"
        },
        "message": "The operation ha been successful",
        "data": null
    }
}
{
    "level": "INFO",
    "message": "CONTROLLER_RESPONSE",
    "timestamp": "2024-09-29T12:53:41.152Z",
    "meta": {
        "success": true,
        "statusCode": 200,
        "request": {
            "ip": "::1",
            "method": "GET",
            "url": "/api/v1/self"
        },
        "message": "The operation ha been successful",
        "data": null
    }
}
{
    "level": "INFO",
    "message": "CONTROLLER_RESPONSE",
    "timestamp": "2024-09-29T12:53:41.480Z",
    "meta": {
        "success": true,
        "statusCode": 200,
        "request": {
            "ip": "::1",
            "method": "GET",
            "url": "/api/v1/self"
        },
        "message": "The operation ha been successful",
        "data": null
    }
}
{
    "level": "INFO",
    "message": "CONTROLLER_RESPONSE",
    "timestamp": "2024-09-29T12:53:41.815Z",
    "meta": {
        "success": true,
        "statusCode": 200,
        "request": {
            "ip": "::1",
            "method": "GET",
            "url": "/api/v1/self"
        },
        "message": "The operation ha been successful",
        "data": null
    }
}
{
    "level": "INFO",
    "message": "CONTROLLER_RESPONSE",
    "timestamp": "2024-09-29T12:53:42.183Z",
    "meta": {
        "success": true,
        "statusCode": 200,
        "request": {
            "ip": "::1",
            "method": "GET",
            "url": "/api/v1/self"
        },
        "message": "The operation ha been successful",
        "data": null
    }
}
{
    "level": "INFO",
    "message": "CONTROLLER_RESPONSE",
    "timestamp": "2024-09-29T12:53:42.525Z",
    "meta": {
        "success": true,
        "statusCode": 200,
        "request": {
            "ip": "::1",
            "method": "GET",
            "url": "/api/v1/self"
        },
        "message": "The operation ha been successful",
        "data": null
    }
}
{
    "level": "INFO",
    "message": "CONTROLLER_RESPONSE",
    "timestamp": "2024-09-29T12:53:42.843Z",
    "meta": {
        "success": true,
        "statusCode": 200,
        "request": {
            "ip": "::1",
            "method": "GET",
            "url": "/api/v1/self"
        },
        "message": "The operation ha been successful",
        "data": null
    }
}
{
    "level": "INFO",
    "message": "CONTROLLER_RESPONSE",
    "timestamp": "2024-09-29T12:53:43.184Z",
    "meta": {
        "success": true,
        "statusCode": 200,
        "request": {
            "ip": "::1",
            "method": "GET",
            "url": "/api/v1/self"
        },
        "message": "The operation ha been successful",
        "data": null
    }
}
{
    "level": "INFO",
    "message": "CONTROLLER_RESPONSE",
    "timestamp": "2024-09-29T12:53:43.512Z",
    "meta": {
        "success": true,
        "statusCode": 200,
        "request": {
            "ip": "::1",
            "method": "GET",
            "url": "/api/v1/self"
        },
        "message": "The operation ha been successful",
        "data": null
    }
}
{
    "level": "INFO",
    "message": "CONTROLLER_RESPONSE",
    "timestamp": "2024-09-29T12:53:43.830Z",
    "meta": {
        "success": true,
        "statusCode": 200,
        "request": {
            "ip": "::1",
            "method": "GET",
            "url": "/api/v1/self"
        },
        "message": "The operation ha been successful",
        "data": null
    }
}
{
    "level": "ERROR",
    "message": "CONTROLLER_ERROR",
    "timestamp": "2024-09-29T12:53:44.166Z",
    "meta": {
        "success": false,
        "statusCode": 429,
        "request": {
            "ip": "::1",
            "method": "GET",
            "url": "/api/v1/self"
        },
        "message": "To many messages",
        "data": null,
        "trace": {
            "error": "Error: To many messages\n    at E:\\WorkSpace\\Node js\\src\\middleware\\rateLimiter.ts:19:33\n    at processTicksAndRejections (node:internal/process/task_queues:95:5)"
        }
    }
}
{
    "level": "ERROR",
    "message": "CONTROLLER_ERROR",
    "timestamp": "2024-09-29T12:53:44.476Z",
    "meta": {
        "success": false,
        "statusCode": 429,
        "request": {
            "ip": "::1",
            "method": "GET",
            "url": "/api/v1/self"
        },
        "message": "To many messages",
        "data": null,
        "trace": {
            "error": "Error: To many messages\n    at E:\\WorkSpace\\Node js\\src\\middleware\\rateLimiter.ts:19:33\n    at processTicksAndRejections (node:internal/process/task_queues:95:5)"
        }
    }
}
{
    "level": "ERROR",
    "message": "CONTROLLER_ERROR",
    "timestamp": "2024-09-29T12:53:44.868Z",
    "meta": {
        "success": false,
        "statusCode": 429,
        "request": {
            "ip": "::1",
            "method": "GET",
            "url": "/api/v1/self"
        },
        "message": "To many messages",
        "data": null,
        "trace": {
            "error": "Error: To many messages\n    at E:\\WorkSpace\\Node js\\src\\middleware\\rateLimiter.ts:19:33\n    at processTicksAndRejections (node:internal/process/task_queues:95:5)"
        }
    }
}
{
    "level": "ERROR",
    "message": "CONTROLLER_ERROR",
    "timestamp": "2024-09-29T12:53:45.544Z",
    "meta": {
        "success": false,
        "statusCode": 429,
        "request": {
            "ip": "::1",
            "method": "GET",
            "url": "/api/v1/self"
        },
        "message": "To many messages",
        "data": null,
        "trace": {
            "error": "Error: To many messages\n    at E:\\WorkSpace\\Node js\\src\\middleware\\rateLimiter.ts:19:33\n    at processTicksAndRejections (node:internal/process/task_queues:95:5)"
        }
    }
}
{
    "level": "ERROR",
    "message": "CONTROLLER_ERROR",
    "timestamp": "2024-09-29T12:53:45.946Z",
    "meta": {
        "success": false,
        "statusCode": 429,
        "request": {
            "ip": "::1",
            "method": "GET",
            "url": "/api/v1/self"
        },
        "message": "To many messages",
        "data": null,
        "trace": {
            "error": "Error: To many messages\n    at E:\\WorkSpace\\Node js\\src\\middleware\\rateLimiter.ts:19:33\n    at processTicksAndRejections (node:internal/process/task_queues:95:5)"
        }
    }
}
{
    "level": "ERROR",
    "message": "CONTROLLER_ERROR",
    "timestamp": "2024-09-29T12:54:12.054Z",
    "meta": {
        "success": false,
        "statusCode": 429,
        "request": {
            "ip": "::1",
            "method": "GET",
            "url": "/api/v1/self"
        },
        "message": "To many messages",
        "data": null,
        "trace": {
            "error": "Error: To many messages\n    at E:\\WorkSpace\\Node js\\src\\middleware\\rateLimiter.ts:19:33\n    at processTicksAndRejections (node:internal/process/task_queues:95:5)"
        }
    }
}
{
    "level": "INFO",
    "message": "CONTROLLER_RESPONSE",
    "timestamp": "2024-09-29T12:54:51.491Z",
    "meta": {
        "success": true,
        "statusCode": 200,
        "request": {
            "ip": "::1",
            "method": "GET",
            "url": "/api/v1/self"
        },
        "message": "The operation ha been successful",
        "data": null
    }
}
{
    "level": "INFO",
    "message": "CONTROLLER_RESPONSE",
    "timestamp": "2024-09-29T12:54:53.358Z",
    "meta": {
        "success": true,
        "statusCode": 200,
        "request": {
            "ip": "::1",
            "method": "GET",
            "url": "/api/v1/self"
        },
        "message": "The operation ha been successful",
        "data": null
    }
}
{
    "level": "INFO",
    "message": "CONTROLLER_RESPONSE",
    "timestamp": "2024-09-29T12:54:55.932Z",
    "meta": {
        "success": true,
        "statusCode": 200,
        "request": {
            "ip": "::1",
            "method": "GET",
            "url": "/api/v1/self"
        },
        "message": "The operation ha been successful",
        "data": null
    }
}
{
    "level": "INFO",
    "message": "CONTROLLER_RESPONSE",
    "timestamp": "2024-09-29T12:54:57.085Z",
    "meta": {
        "success": true,
        "statusCode": 200,
        "request": {
            "ip": "::1",
            "method": "GET",
            "url": "/api/v1/self"
        },
        "message": "The operation ha been successful",
        "data": null
    }
}
{
    "level": "INFO",
    "message": "CONTROLLER_RESPONSE",
    "timestamp": "2024-09-29T12:54:57.536Z",
    "meta": {
        "success": true,
        "statusCode": 200,
        "request": {
            "ip": "::1",
            "method": "GET",
            "url": "/api/v1/self"
        },
        "message": "The operation ha been successful",
        "data": null
    }
}
{
    "level": "INFO",
    "message": "CONTROLLER_RESPONSE",
    "timestamp": "2024-09-29T12:54:58.317Z",
    "meta": {
        "success": true,
        "statusCode": 200,
        "request": {
            "ip": "::1",
            "method": "GET",
            "url": "/api/v1/self"
        },
        "message": "The operation ha been successful",
        "data": null
    }
}
{
    "level": "INFO",
    "message": "CONTROLLER_RESPONSE",
    "timestamp": "2024-09-29T12:54:59.222Z",
    "meta": {
        "success": true,
        "statusCode": 200,
        "request": {
            "ip": "::1",
            "method": "GET",
            "url": "/api/v1/self"
        },
        "message": "The operation ha been successful",
        "data": null
    }
}
{
    "level": "INFO",
    "message": "CONTROLLER_RESPONSE",
    "timestamp": "2024-09-29T12:55:00.199Z",
    "meta": {
        "success": true,
        "statusCode": 200,
        "request": {
            "ip": "::1",
            "method": "GET",
            "url": "/api/v1/self"
        },
        "message": "The operation ha been successful",
        "data": null
    }
}
{
    "level": "INFO",
    "message": "CONTROLLER_RESPONSE",
    "timestamp": "2024-09-29T12:55:01.016Z",
    "meta": {
        "success": true,
        "statusCode": 200,
        "request": {
            "ip": "::1",
            "method": "GET",
            "url": "/api/v1/self"
        },
        "message": "The operation ha been successful",
        "data": null
    }
}
{
    "level": "INFO",
    "message": "CONTROLLER_RESPONSE",
    "timestamp": "2024-09-29T12:55:01.739Z",
    "meta": {
        "success": true,
        "statusCode": 200,
        "request": {
            "ip": "::1",
            "method": "GET",
            "url": "/api/v1/self"
        },
        "message": "The operation ha been successful",
        "data": null
    }
}
{
    "level": "ERROR",
    "message": "CONTROLLER_ERROR",
    "timestamp": "2024-09-29T12:55:02.689Z",
    "meta": {
        "success": false,
        "statusCode": 429,
        "request": {
            "ip": "::1",
            "method": "GET",
            "url": "/api/v1/self"
        },
        "message": "To many messages",
        "data": null,
        "trace": {
            "error": "Error: To many messages\n    at E:\\WorkSpace\\Node js\\src\\middleware\\rateLimiter.ts:19:33\n    at processTicksAndRejections (node:internal/process/task_queues:95:5)"
        }
    }
}
{
    "level": "ERROR",
    "message": "CONTROLLER_ERROR",
    "timestamp": "2024-09-29T12:55:03.308Z",
    "meta": {
        "success": false,
        "statusCode": 429,
        "request": {
            "ip": "::1",
            "method": "GET",
            "url": "/api/v1/self"
        },
        "message": "To many messages",
        "data": null,
        "trace": {
            "error": "Error: To many messages\n    at E:\\WorkSpace\\Node js\\src\\middleware\\rateLimiter.ts:19:33\n    at processTicksAndRejections (node:internal/process/task_queues:95:5)"
        }
    }
}
{
    "level": "INFO",
    "message": "DATABASE_CONNECTION",
    "timestamp": "2024-09-29T12:55:46.406Z",
    "meta": {
        "CONNECTION_NAME": "node-js-production-setup"
    }
}
{
    "level": "INFO",
    "message": "RATE_LIMITER_INITIATED",
    "timestamp": "2024-09-29T12:55:46.412Z",
    "meta": {}
}
{
    "level": "INFO",
    "message": "APPLICATION_STARTED",
    "timestamp": "2024-09-29T12:55:46.413Z",
    "meta": {
        "PORT": "3000",
        "SERVER_URL": "http://localhost:3000"
    }
}
{
    "level": "INFO",
    "message": "DATABASE_CONNECTION",
    "timestamp": "2024-09-29T12:58:51.833Z",
    "meta": {
        "CONNECTION_NAME": "node-js-production-setup"
    }
}
{
    "level": "INFO",
    "message": "RATE_LIMITER_INITIATED",
    "timestamp": "2024-09-29T12:58:51.839Z",
    "meta": {}
}
{
    "level": "INFO",
    "message": "APPLICATION_STARTED",
    "timestamp": "2024-09-29T12:58:51.840Z",
    "meta": {
        "PORT": "3000",
        "SERVER_URL": "http://localhost:3000"
    }
}
{
    "level": "INFO",
    "message": "DATABASE_CONNECTION",
    "timestamp": "2024-09-29T14:18:19.443Z",
    "meta": {
        "CONNECTION_NAME": "node-js-production-setup"
    }
}
{
    "level": "INFO",
    "message": "RATE_LIMITER_INITIATED",
    "timestamp": "2024-09-29T14:18:19.447Z",
    "meta": {}
}
{
    "level": "INFO",
    "message": "APPLICATION_STARTED",
    "timestamp": "2024-09-29T14:18:19.447Z",
    "meta": {
        "PORT": "3000",
        "SERVER_URL": "http://localhost:3000"
    }
}
{
    "level": "ERROR",
    "message": "APPLICATION_ERROR",
    "timestamp": "2024-09-29T14:41:16.699Z",
    "meta": {
        "message": "connect ECONNREFUSED 127.0.0.1:27017",
        "reason": {
            "type": "Unknown",
            "servers": {
                "localhost:27017": {
                    "address": "localhost:27017",
                    "type": "Unknown",
                    "hosts": [],
                    "passives": [],
                    "arbiters": [],
                    "tags": {},
                    "minWireVersion": 0,
                    "maxWireVersion": 0,
                    "roundTripTime": -1,
                    "minRoundTripTime": 0,
                    "lastUpdateTime": 1309179,
                    "lastWriteDate": 0,
                    "error": {},
                    "topologyVersion": null,
                    "setName": null,
                    "setVersion": null,
                    "electionId": null,
                    "logicalSessionTimeoutMinutes": null,
                    "primary": null,
                    "me": null,
                    "$clusterTime": null
                }
            },
            "stale": false,
            "compatible": true,
            "heartbeatFrequencyMS": 10000,
            "localThresholdMS": 15,
            "setName": null,
            "maxElectionId": null,
            "maxSetVersion": null,
            "commonWireVersion": 0,
            "logicalSessionTimeoutMinutes": null
        }
    }
}
{
    "level": "ERROR",
    "message": "APPLICATION_ERROR",
    "timestamp": "2024-09-29T14:41:57.320Z",
    "meta": {
        "message": "connect ECONNREFUSED 127.0.0.1:27017",
        "reason": {
            "type": "Unknown",
            "servers": {
                "localhost:27017": {
                    "address": "localhost:27017",
                    "type": "Unknown",
                    "hosts": [],
                    "passives": [],
                    "arbiters": [],
                    "tags": {},
                    "minWireVersion": 0,
                    "maxWireVersion": 0,
                    "roundTripTime": -1,
                    "minRoundTripTime": 0,
                    "lastUpdateTime": 1349801,
                    "lastWriteDate": 0,
                    "error": {},
                    "topologyVersion": null,
                    "setName": null,
                    "setVersion": null,
                    "electionId": null,
                    "logicalSessionTimeoutMinutes": null,
                    "primary": null,
                    "me": null,
                    "$clusterTime": null
                }
            },
            "stale": false,
            "compatible": true,
            "heartbeatFrequencyMS": 10000,
            "localThresholdMS": 15,
            "setName": null,
            "maxElectionId": null,
            "maxSetVersion": null,
            "commonWireVersion": 0,
            "logicalSessionTimeoutMinutes": null
        }
    }
}
{
    "level": "ERROR",
    "message": "APPLICATION_ERROR",
    "timestamp": "2024-09-29T14:44:05.715Z",
    "meta": {
        "message": "connect ECONNREFUSED 127.0.0.1:27017",
        "reason": {
            "type": "Unknown",
            "servers": {
                "localhost:27017": {
                    "address": "localhost:27017",
                    "type": "Unknown",
                    "hosts": [],
                    "passives": [],
                    "arbiters": [],
                    "tags": {},
                    "minWireVersion": 0,
                    "maxWireVersion": 0,
                    "roundTripTime": -1,
                    "minRoundTripTime": 0,
                    "lastUpdateTime": 1478198,
                    "lastWriteDate": 0,
                    "error": {},
                    "topologyVersion": null,
                    "setName": null,
                    "setVersion": null,
                    "electionId": null,
                    "logicalSessionTimeoutMinutes": null,
                    "primary": null,
                    "me": null,
                    "$clusterTime": null
                }
            },
            "stale": false,
            "compatible": true,
            "heartbeatFrequencyMS": 10000,
            "localThresholdMS": 15,
            "setName": null,
            "maxElectionId": null,
            "maxSetVersion": null,
            "commonWireVersion": 0,
            "logicalSessionTimeoutMinutes": null
        }
    }
}
